Unity Editor version:    2021.3.31f1 (3409e2af086f)
Branch:                  2021.3/staging
Build type:              Release
Batch mode:              YES
macOS version:           Version 14.2 (Build 23C64)
Darwin version:          23.2.0
Architecture:            arm64
Running under Rosetta:   NO
Available memory:        32768 MB
Using pre-set license
Pro License: YES

COMMAND LINE ARGUMENTS:
/Applications/Unity/Hub/Editor/2021.3.31f1/Unity.app/Contents/MacOS/Unity
-adb2
-batchMode
-noUpm
-name
AssetImportWorker1
-projectPath
/Users/GGN10/KP/unity/LaserDefender
-logFile
Logs/AssetImportWorker1.log
-srvPort
64715
Successfully changed project path to: /Users/GGN10/KP/unity/LaserDefender
/Users/GGN10/KP/unity/LaserDefender
[UnityMemory] Configuration Parameters - Can be set up in boot.config
    "memorysetup-bucket-allocator-granularity=16"
    "memorysetup-bucket-allocator-bucket-count=8"
    "memorysetup-bucket-allocator-block-size=33554432"
    "memorysetup-bucket-allocator-block-count=8"
    "memorysetup-main-allocator-block-size=16777216"
    "memorysetup-thread-allocator-block-size=16777216"
    "memorysetup-gfx-main-allocator-block-size=16777216"
    "memorysetup-gfx-thread-allocator-block-size=16777216"
    "memorysetup-cache-allocator-block-size=4194304"
    "memorysetup-typetree-allocator-block-size=2097152"
    "memorysetup-profiler-bucket-allocator-granularity=16"
    "memorysetup-profiler-bucket-allocator-bucket-count=8"
    "memorysetup-profiler-bucket-allocator-block-size=33554432"
    "memorysetup-profiler-bucket-allocator-block-count=8"
    "memorysetup-profiler-allocator-block-size=16777216"
    "memorysetup-profiler-editor-allocator-block-size=1048576"
    "memorysetup-temp-allocator-size-main=16777216"
    "memorysetup-job-temp-allocator-block-size=2097152"
    "memorysetup-job-temp-allocator-block-size-background=1048576"
    "memorysetup-job-temp-allocator-reduction-small-platforms=262144"
    "memorysetup-temp-allocator-size-background-worker=32768"
    "memorysetup-temp-allocator-size-job-worker=262144"
    "memorysetup-temp-allocator-size-preload-manager=33554432"
    "memorysetup-temp-allocator-size-nav-mesh-worker=65536"
    "memorysetup-temp-allocator-size-audio-worker=65536"
    "memorysetup-temp-allocator-size-cloud-worker=32768"
    "memorysetup-temp-allocator-size-gi-baking-worker=262144"
    "memorysetup-temp-allocator-size-gfx=262144"
Player connection [8092340224] Host "[IP] 10.18.12.253 [Port] 0 [Flags] 2 [Guid] 2709884187 [EditorId] 2709884187 [Version] 1048832 [Id] OSXEditor(0,UKX6G9V6W6QH) [Debug] 1 [PackageName] OSXEditor [ProjectName] Editor" joined multi-casting on [225.0.0.222:54997]...

Player connection [8092340224] Host "[IP] 10.18.12.253 [Port] 0 [Flags] 2 [Guid] 2709884187 [EditorId] 2709884187 [Version] 1048832 [Id] OSXEditor(0,UKX6G9V6W6QH) [Debug] 1 [PackageName] OSXEditor [ProjectName] Editor" joined alternative multi-casting on [225.0.0.222:34997]...

[Physics::Module] Initialized MultithreadedJobDispatcher with {0} workers.
Refreshing native plugins compatible for Editor in 63.44 ms, found 3 plugins.
Preloading 0 native plugins for Editor in 0.00 ms.
Initialize engine version: 2021.3.31f1 (3409e2af086f)
[Subsystems] Discovering subsystems at path /Applications/Unity/Hub/Editor/2021.3.31f1/Unity.app/Contents/Resources/UnitySubsystems
[Subsystems] Discovering subsystems at path /Users/GGN10/KP/unity/LaserDefender/Assets
GfxDevice: creating device client; threaded=0; jobified=0
 preferred device: Apple M2 Pro (high power)
Metal devices available: 1
0: Apple M2 Pro (high power)
Using device Apple M2 Pro (high power)
Initializing Metal device caps: Apple M2 Pro
Initialize mono
Mono path[0] = '/Applications/Unity/Hub/Editor/2021.3.31f1/Unity.app/Contents/Managed'
Mono path[1] = '/Applications/Unity/Hub/Editor/2021.3.31f1/Unity.app/Contents/MonoBleedingEdge/lib/mono/unityjit-macos'
Mono config path = '/Applications/Unity/Hub/Editor/2021.3.31f1/Unity.app/Contents/MonoBleedingEdge/etc'
Using monoOptions --debugger-agent=transport=dt_socket,embedding=1,server=y,suspend=n,address=127.0.0.1:56126
Begin MonoManager ReloadAssembly
Registering precompiled unity dll's ...
Register platform support module: /Applications/Unity/Hub/Editor/2021.3.31f1/PlaybackEngines/WebGLSupport/UnityEditor.WebGL.Extensions.dll
Register platform support module: /Applications/Unity/Hub/Editor/2021.3.31f1/Unity.app/Contents/PlaybackEngines/MacStandaloneSupport/UnityEditor.OSXStandalone.Extensions.dll
Registered in 0.001096 seconds.
Native extension for OSXStandalone target not found
Native extension for WebGL target not found
Refreshing native plugins compatible for Editor in 63.30 ms, found 3 plugins.
Preloading 0 native plugins for Editor in 0.00 ms.
Mono: successfully reloaded assembly
- Completed reload, in  0.375 seconds
Domain Reload Profiling:
	ReloadAssembly (375ms)
		BeginReloadAssembly (61ms)
			ExecutionOrderSort (0ms)
			DisableScriptedObjects (0ms)
			BackupInstance (0ms)
			ReleaseScriptingObjects (0ms)
			CreateAndSetChildDomain (0ms)
		EndReloadAssembly (262ms)
			LoadAssemblies (62ms)
			RebuildTransferFunctionScriptingTraits (0ms)
			SetupTypeCache (62ms)
			ReleaseScriptCaches (0ms)
			RebuildScriptCaches (18ms)
			SetupLoadedEditorAssemblies (157ms)
				LogAssemblyErrors (0ms)
				InitializePlatformSupportModulesInManaged (3ms)
				SetLoadedEditorAssemblies (0ms)
				RefreshPlugins (63ms)
				BeforeProcessingInitializeOnLoad (1ms)
				ProcessInitializeOnLoadAttributes (66ms)
				ProcessInitializeOnLoadMethodAttributes (23ms)
				AfterProcessingInitializeOnLoad (0ms)
				EditorAssembliesLoaded (0ms)
			ExecutionOrderSort2 (0ms)
			AwakeInstancesAfterBackupRestoration (0ms)
Platform modules already initialized, skipping
Registering precompiled user dll's ...
Registered in 0.002393 seconds.
Begin MonoManager ReloadAssembly
Native extension for OSXStandalone target not found
Native extension for WebGL target not found
Refreshing native plugins compatible for Editor in 63.72 ms, found 3 plugins.
Preloading 0 native plugins for Editor in 0.00 ms.
Package Manager log level set to [2]
[Package Manager] Server::EnsureServerProcessIsRunning -- launch failed, reason: Unity was launched with the -noUpm command-line argument
[Package Manager] Cannot connect to Unity Package Manager local server
Mono: successfully reloaded assembly
- Completed reload, in  1.033 seconds
Domain Reload Profiling:
	ReloadAssembly (1033ms)
		BeginReloadAssembly (58ms)
			ExecutionOrderSort (0ms)
			DisableScriptedObjects (3ms)
			BackupInstance (0ms)
			ReleaseScriptingObjects (0ms)
			CreateAndSetChildDomain (14ms)
		EndReloadAssembly (916ms)
			LoadAssemblies (63ms)
			RebuildTransferFunctionScriptingTraits (0ms)
			SetupTypeCache (145ms)
			ReleaseScriptCaches (0ms)
			RebuildScriptCaches (35ms)
			SetupLoadedEditorAssemblies (650ms)
				LogAssemblyErrors (0ms)
				InitializePlatformSupportModulesInManaged (2ms)
				SetLoadedEditorAssemblies (0ms)
				RefreshPlugins (64ms)
				BeforeProcessingInitializeOnLoad (50ms)
				ProcessInitializeOnLoadAttributes (508ms)
				ProcessInitializeOnLoadMethodAttributes (26ms)
				AfterProcessingInitializeOnLoad (1ms)
				EditorAssembliesLoaded (0ms)
			ExecutionOrderSort2 (0ms)
			AwakeInstancesAfterBackupRestoration (2ms)
Platform modules already initialized, skipping
========================================================================
Worker process is ready to serve import requests
Launching external process: /Applications/Unity/Hub/Editor/2021.3.31f1/Unity.app/Contents/Tools/UnityShaderCompiler
Launched and connected shader compiler UnityShaderCompiler after 0.04 seconds
Refreshing native plugins compatible for Editor in 0.42 ms, found 3 plugins.
Preloading 0 native plugins for Editor in 0.00 ms.
Unloading 4187 Unused Serialized files (Serialized files now loaded: 0)
Unloading 39 unused Assets / (Unknown). Loaded Objects now: 4645.
Memory consumption went from 153.1 MB to 153.2 MB.
Total: 2.419208 ms (FindLiveObjects: 0.129959 ms CreateObjectMapping: 0.070000 ms MarkObjects: 2.172625 ms  DeleteObjects: 0.046292 ms)

AssetImportParameters requested are different than current active one (requested -> active):
  custom:video-decoder-ogg-theora: a1e56fd34408186e4bbccfd4996cb3dc -> 
  custom:container-muxer-webm: aa71ff27fc2769a1b78a27578f13a17b -> 
  custom:container-demuxer-webm: 4f35f7cbe854078d1ac9338744f61a02 -> 
  custom:video-encoder-webm-vp8: eb34c28f22e8b96e1ab97ce403110664 -> 
  custom:framework-osx-AVFoundation: e770b220cccbd017edd2c1fefb359320 -> 
  custom:CustomObjectIndexerAttribute: bc11b3a6c3213fcdd17b65e7da85e133 -> 
  custom:audio-encoder-webm-vorbis: bf7c407c2cedff20999df2af8eb42d56 -> 
  custom:SearchIndexIgnoredProperties: e643bd26f0fe6173181afceb89e7c659 -> 
  custom:container-demuxer-ogg: 62fdf1f143b41e24485cea50d1cbac27 -> 
  custom:video-decoder-webm-vp8: 9c59270c3fd7afecdb556c50c9e8de78 -> 
  custom:audio-decoder-ogg-vorbis: bf7c407c2cedff20999df2af8eb42d56 -> 
========================================================================
Received Import Request.
  Time since last request: 269610.827039 seconds.
  path: Assets/Asset Packs
  artifactKey: Guid(4fed84c3d53d14f6c9c818b38d68ce5a) Importer(815301076,1909f56bfc062723c751e8b465ee728b)
Number of updated assets reloaded before import = 0
Start importing Assets/Asset Packs using Guid(4fed84c3d53d14f6c9c818b38d68ce5a) Importer(815301076,1909f56bfc062723c751e8b465ee728b)  -> (artifact id: '9636cbb9e438e215ae8ff5074781ba97') in 0.005507 seconds 
Number of asset objects unloaded after import = 0
========================================================================
Received Import Request.
  Time since last request: 24.508878 seconds.
  path: Assets/Asset Packs/spaceshooter/sample.png
  artifactKey: Guid(d42eae4252e8d47e6becfc21cdcbdaec) Importer(815301076,1909f56bfc062723c751e8b465ee728b)
Number of updated assets reloaded before import = 0
Start importing Assets/Asset Packs/spaceshooter/sample.png using Guid(d42eae4252e8d47e6becfc21cdcbdaec) Importer(815301076,1909f56bfc062723c751e8b465ee728b)  -> (artifact id: '54cbbb0949a868e44a1144e017539111') in 0.501147 seconds 
Number of asset objects unloaded after import = 3
========================================================================
Received Import Request.
  Time since last request: 4.925254 seconds.
  path: Assets/Asset Packs/spaceshooter/PNG/playerShip1_green.png
  artifactKey: Guid(93185e670c0174d799cb89b8d6dfa4c8) Importer(815301076,1909f56bfc062723c751e8b465ee728b)
Number of updated assets reloaded before import = 0
Start importing Assets/Asset Packs/spaceshooter/PNG/playerShip1_green.png using Guid(93185e670c0174d799cb89b8d6dfa4c8) Importer(815301076,1909f56bfc062723c751e8b465ee728b)  -> (artifact id: '8633ce5e11709de79ceeea0fc6829e83') in 0.013260 seconds 
Number of asset objects unloaded after import = 3
========================================================================
Received Import Request.
  Time since last request: 0.000049 seconds.
  path: Assets/Asset Packs/spaceshooter/PNG/playerShip2_orange.png
  artifactKey: Guid(b65b2587c6ae4476096f6d17b0387c0a) Importer(815301076,1909f56bfc062723c751e8b465ee728b)
Number of updated assets reloaded before import = 0
Start importing Assets/Asset Packs/spaceshooter/PNG/playerShip2_orange.png using Guid(b65b2587c6ae4476096f6d17b0387c0a) Importer(815301076,1909f56bfc062723c751e8b465ee728b)  -> (artifact id: '8a735f0664762e0617a1317a7509459f') in 0.007954 seconds 
Number of asset objects unloaded after import = 3
========================================================================
Received Import Request.
  Time since last request: 0.000055 seconds.
  path: Assets/Asset Packs/spaceshooter/PNG/playerShip1_orange.png
  artifactKey: Guid(505eca3824a1248cb97150b5f1181b2a) Importer(815301076,1909f56bfc062723c751e8b465ee728b)
Number of updated assets reloaded before import = 0
Start importing Assets/Asset Packs/spaceshooter/PNG/playerShip1_orange.png using Guid(505eca3824a1248cb97150b5f1181b2a) Importer(815301076,1909f56bfc062723c751e8b465ee728b)  -> (artifact id: 'a1866703d4d549055c8f841508193ba6') in 0.007452 seconds 
Number of asset objects unloaded after import = 3
========================================================================
Received Import Request.
  Time since last request: 0.000044 seconds.
  path: Assets/Asset Packs/spaceshooter/PNG/playerShip2_green.png
  artifactKey: Guid(30178ca4cace14eb0b338fc091d4e66b) Importer(815301076,1909f56bfc062723c751e8b465ee728b)
Number of updated assets reloaded before import = 0
Start importing Assets/Asset Packs/spaceshooter/PNG/playerShip2_green.png using Guid(30178ca4cace14eb0b338fc091d4e66b) Importer(815301076,1909f56bfc062723c751e8b465ee728b)  -> (artifact id: '2b46922807eb50dba23e2c95a5afd51b') in 0.007756 seconds 
Number of asset objects unloaded after import = 3
========================================================================
Received Import Request.
  Time since last request: 0.000037 seconds.
  path: Assets/Asset Packs/spaceshooter/PNG/playerShip3_red.png
  artifactKey: Guid(1fbe1ec9d997b4ff68c5d071b1cbed82) Importer(815301076,1909f56bfc062723c751e8b465ee728b)
Number of updated assets reloaded before import = 0
Start importing Assets/Asset Packs/spaceshooter/PNG/playerShip3_red.png using Guid(1fbe1ec9d997b4ff68c5d071b1cbed82) Importer(815301076,1909f56bfc062723c751e8b465ee728b)  -> (artifact id: 'dd0f1e1b98191e99bfcc8e619a5779fe') in 0.005687 seconds 
Number of asset objects unloaded after import = 3
========================================================================
Received Import Request.
  Time since last request: 0.000038 seconds.
  path: Assets/Asset Packs/spaceshooter/PNG/ufoYellow.png
  artifactKey: Guid(4f8bca6555eb141ceb3e9f710559ff16) Importer(815301076,1909f56bfc062723c751e8b465ee728b)
Number of updated assets reloaded before import = 0
Start importing Assets/Asset Packs/spaceshooter/PNG/ufoYellow.png using Guid(4f8bca6555eb141ceb3e9f710559ff16) Importer(815301076,1909f56bfc062723c751e8b465ee728b)  -> (artifact id: 'c8007bde5ae141f20ff2b70d47deb378') in 0.006116 seconds 
Number of asset objects unloaded after import = 3
========================================================================
Received Import Request.
  Time since last request: 0.000036 seconds.
  path: Assets/Asset Packs/spaceshooter/PNG/playerShip1_red.png
  artifactKey: Guid(396629ead3a0041b9ba6d5a7efde3ddf) Importer(815301076,1909f56bfc062723c751e8b465ee728b)
Number of updated assets reloaded before import = 0
Start importing Assets/Asset Packs/spaceshooter/PNG/playerShip1_red.png using Guid(396629ead3a0041b9ba6d5a7efde3ddf) Importer(815301076,1909f56bfc062723c751e8b465ee728b)  -> (artifact id: 'df488c932759ff3709391dc149473d6e') in 0.006478 seconds 
Number of asset objects unloaded after import = 3
========================================================================
Received Import Request.
  Time since last request: 0.000040 seconds.
  path: Assets/Asset Packs/spaceshooter/PNG/playerShip3_green.png
  artifactKey: Guid(29c44cee980744058bbbf853fdbc8ce0) Importer(815301076,1909f56bfc062723c751e8b465ee728b)
Number of updated assets reloaded before import = 0
Start importing Assets/Asset Packs/spaceshooter/PNG/playerShip3_green.png using Guid(29c44cee980744058bbbf853fdbc8ce0) Importer(815301076,1909f56bfc062723c751e8b465ee728b)  -> (artifact id: '646e5b39e54545f96a21b3181ab2f7df') in 0.005072 seconds 
Number of asset objects unloaded after import = 3
========================================================================
Received Import Request.
  Time since last request: 144.878209 seconds.
  path: Assets/Asset Packs/spaceshooter/PNG/Enemies/enemyBlack2.png
  artifactKey: Guid(7943b6c79fef6477ab2e28232542e154) Importer(815301076,1909f56bfc062723c751e8b465ee728b)
Number of updated assets reloaded before import = 0
Start importing Assets/Asset Packs/spaceshooter/PNG/Enemies/enemyBlack2.png using Guid(7943b6c79fef6477ab2e28232542e154) Importer(815301076,1909f56bfc062723c751e8b465ee728b)  -> (artifact id: 'e01884b2a04b7e7768b13080a55bd661') in 0.011845 seconds 
Number of asset objects unloaded after import = 3
========================================================================
Received Import Request.
  Time since last request: 0.000048 seconds.
  path: Assets/Asset Packs/spaceshooter/PNG/Enemies/enemyBlue2.png
  artifactKey: Guid(4ca8ff991465a4d298afa896ba0910ec) Importer(815301076,1909f56bfc062723c751e8b465ee728b)
Number of updated assets reloaded before import = 0
Start importing Assets/Asset Packs/spaceshooter/PNG/Enemies/enemyBlue2.png using Guid(4ca8ff991465a4d298afa896ba0910ec) Importer(815301076,1909f56bfc062723c751e8b465ee728b)  -> (artifact id: '2ef8152bc17a4f9fb6ee457e286667bf') in 0.007156 seconds 
Number of asset objects unloaded after import = 3
========================================================================
Received Import Request.
  Time since last request: 0.000050 seconds.
  path: Assets/Asset Packs/spaceshooter/PNG/Enemies/enemyBlue1.png
  artifactKey: Guid(5dee0c745f716494ba9b91944cee0baa) Importer(815301076,1909f56bfc062723c751e8b465ee728b)
Number of updated assets reloaded before import = 0
Start importing Assets/Asset Packs/spaceshooter/PNG/Enemies/enemyBlue1.png using Guid(5dee0c745f716494ba9b91944cee0baa) Importer(815301076,1909f56bfc062723c751e8b465ee728b)  -> (artifact id: 'e28135849f570488a26eefcf71a98c4e') in 0.006698 seconds 
Number of asset objects unloaded after import = 3
========================================================================
Received Import Request.
  Time since last request: 0.000059 seconds.
  path: Assets/Asset Packs/spaceshooter/PNG/Enemies/enemyBlack3.png
  artifactKey: Guid(f35a18a57c7de43848d28d812c9d0351) Importer(815301076,1909f56bfc062723c751e8b465ee728b)
Number of updated assets reloaded before import = 0
Start importing Assets/Asset Packs/spaceshooter/PNG/Enemies/enemyBlack3.png using Guid(f35a18a57c7de43848d28d812c9d0351) Importer(815301076,1909f56bfc062723c751e8b465ee728b)  -> (artifact id: '93a05680d8b530f6bd29f8bbb342965a') in 0.007352 seconds 
Number of asset objects unloaded after import = 3
========================================================================
Received Import Request.
  Time since last request: 0.000052 seconds.
  path: Assets/Asset Packs/spaceshooter/PNG/Enemies/enemyGreen3.png
  artifactKey: Guid(ca5af64e3ed034182ad85aa80c54a21b) Importer(815301076,1909f56bfc062723c751e8b465ee728b)
Number of updated assets reloaded before import = 0
Start importing Assets/Asset Packs/spaceshooter/PNG/Enemies/enemyGreen3.png using Guid(ca5af64e3ed034182ad85aa80c54a21b) Importer(815301076,1909f56bfc062723c751e8b465ee728b)  -> (artifact id: '122699c5dcc102aed8c49f105f349b0e') in 0.006016 seconds 
Number of asset objects unloaded after import = 3
========================================================================
Received Import Request.
  Time since last request: 0.000039 seconds.
  path: Assets/Asset Packs/spaceshooter/PNG/Enemies/enemyBlue4.png
  artifactKey: Guid(e967322538da04c2299aafe45084df98) Importer(815301076,1909f56bfc062723c751e8b465ee728b)
Number of updated assets reloaded before import = 0
Start importing Assets/Asset Packs/spaceshooter/PNG/Enemies/enemyBlue4.png using Guid(e967322538da04c2299aafe45084df98) Importer(815301076,1909f56bfc062723c751e8b465ee728b)  -> (artifact id: 'c09c36a6ceec1acaf161ba95f84284c9') in 0.006686 seconds 
Number of asset objects unloaded after import = 3
========================================================================
Received Import Request.
  Time since last request: 0.000038 seconds.
  path: Assets/Asset Packs/spaceshooter/PNG/Enemies/enemyGreen4.png
  artifactKey: Guid(ebb4960f4fbe04f7b91b4875ae15f6cf) Importer(815301076,1909f56bfc062723c751e8b465ee728b)
Number of updated assets reloaded before import = 0
Start importing Assets/Asset Packs/spaceshooter/PNG/Enemies/enemyGreen4.png using Guid(ebb4960f4fbe04f7b91b4875ae15f6cf) Importer(815301076,1909f56bfc062723c751e8b465ee728b)  -> (artifact id: '52ac60688bb4dda1f27d1fbd643fb584') in 0.005591 seconds 
Number of asset objects unloaded after import = 3
========================================================================
Received Import Request.
  Time since last request: 0.000033 seconds.
  path: Assets/Asset Packs/spaceshooter/PNG/Enemies/enemyGreen5.png
  artifactKey: Guid(242ac0a6a235f46619c1118bdad41239) Importer(815301076,1909f56bfc062723c751e8b465ee728b)
Number of updated assets reloaded before import = 0
Start importing Assets/Asset Packs/spaceshooter/PNG/Enemies/enemyGreen5.png using Guid(242ac0a6a235f46619c1118bdad41239) Importer(815301076,1909f56bfc062723c751e8b465ee728b)  -> (artifact id: '85d03dfc4798494f341dd8ec48b3be6c') in 0.005376 seconds 
Number of asset objects unloaded after import = 3
========================================================================
Received Import Request.
  Time since last request: 0.000035 seconds.
  path: Assets/Asset Packs/spaceshooter/PNG/Enemies/enemyBlack4.png
  artifactKey: Guid(265b19633474a4a57abd85cc4df5a1eb) Importer(815301076,1909f56bfc062723c751e8b465ee728b)
Number of updated assets reloaded before import = 0
Start importing Assets/Asset Packs/spaceshooter/PNG/Enemies/enemyBlack4.png using Guid(265b19633474a4a57abd85cc4df5a1eb) Importer(815301076,1909f56bfc062723c751e8b465ee728b)  -> (artifact id: '82fc445624f6cce8c11dea49adc743bf') in 0.005654 seconds 
Number of asset objects unloaded after import = 3
========================================================================
Received Import Request.
  Time since last request: 0.000042 seconds.
  path: Assets/Asset Packs/spaceshooter/PNG/Enemies/enemyRed5.png
  artifactKey: Guid(218c6102265974d47b0be9e1839303fb) Importer(815301076,1909f56bfc062723c751e8b465ee728b)
Number of updated assets reloaded before import = 0
Start importing Assets/Asset Packs/spaceshooter/PNG/Enemies/enemyRed5.png using Guid(218c6102265974d47b0be9e1839303fb) Importer(815301076,1909f56bfc062723c751e8b465ee728b)  -> (artifact id: '359f6d82fefcb98e74f397f76bb9b944') in 0.005104 seconds 
Number of asset objects unloaded after import = 3
Editor requested this worker to shutdown with reason: Scaling down because of idle timeout
AssetImportWorker is now disconnected from the server
Process exiting
