Unity Editor version:    2021.3.31f1 (3409e2af086f)
Branch:                  2021.3/staging
Build type:              Release
Batch mode:              YES
macOS version:           Version 14.2 (Build 23C64)
Darwin version:          23.2.0
Architecture:            arm64
Running under Rosetta:   NO
Available memory:        32768 MB
Using pre-set license
Pro License: YES

COMMAND LINE ARGUMENTS:
/Applications/Unity/Hub/Editor/2021.3.31f1/Unity.app/Contents/MacOS/Unity
-adb2
-batchMode
-noUpm
-name
AssetImportWorker2
-projectPath
/Users/GGN10/KP/unity/LaserDefender
-logFile
Logs/AssetImportWorker2.log
-srvPort
64715
Successfully changed project path to: /Users/GGN10/KP/unity/LaserDefender
/Users/GGN10/KP/unity/LaserDefender
[UnityMemory] Configuration Parameters - Can be set up in boot.config
    "memorysetup-bucket-allocator-granularity=16"
    "memorysetup-bucket-allocator-bucket-count=8"
    "memorysetup-bucket-allocator-block-size=33554432"
    "memorysetup-bucket-allocator-block-count=8"
    "memorysetup-main-allocator-block-size=16777216"
    "memorysetup-thread-allocator-block-size=16777216"
    "memorysetup-gfx-main-allocator-block-size=16777216"
    "memorysetup-gfx-thread-allocator-block-size=16777216"
    "memorysetup-cache-allocator-block-size=4194304"
    "memorysetup-typetree-allocator-block-size=2097152"
    "memorysetup-profiler-bucket-allocator-granularity=16"
    "memorysetup-profiler-bucket-allocator-bucket-count=8"
    "memorysetup-profiler-bucket-allocator-block-size=33554432"
    "memorysetup-profiler-bucket-allocator-block-count=8"
    "memorysetup-profiler-allocator-block-size=16777216"
    "memorysetup-profiler-editor-allocator-block-size=1048576"
    "memorysetup-temp-allocator-size-main=16777216"
    "memorysetup-job-temp-allocator-block-size=2097152"
    "memorysetup-job-temp-allocator-block-size-background=1048576"
    "memorysetup-job-temp-allocator-reduction-small-platforms=262144"
    "memorysetup-temp-allocator-size-background-worker=32768"
    "memorysetup-temp-allocator-size-job-worker=262144"
    "memorysetup-temp-allocator-size-preload-manager=33554432"
    "memorysetup-temp-allocator-size-nav-mesh-worker=65536"
    "memorysetup-temp-allocator-size-audio-worker=65536"
    "memorysetup-temp-allocator-size-cloud-worker=32768"
    "memorysetup-temp-allocator-size-gi-baking-worker=262144"
    "memorysetup-temp-allocator-size-gfx=262144"
Player connection [8092340224] Host "[IP] 10.18.12.253 [Port] 0 [Flags] 2 [Guid] 4025770715 [EditorId] 4025770715 [Version] 1048832 [Id] OSXEditor(0,UKX6G9V6W6QH) [Debug] 1 [PackageName] OSXEditor [ProjectName] Editor" joined multi-casting on [225.0.0.222:54997]...

Player connection [8092340224] Host "[IP] 10.18.12.253 [Port] 0 [Flags] 2 [Guid] 4025770715 [EditorId] 4025770715 [Version] 1048832 [Id] OSXEditor(0,UKX6G9V6W6QH) [Debug] 1 [PackageName] OSXEditor [ProjectName] Editor" joined alternative multi-casting on [225.0.0.222:34997]...

[Physics::Module] Initialized MultithreadedJobDispatcher with {0} workers.
Refreshing native plugins compatible for Editor in 67.72 ms, found 3 plugins.
Preloading 0 native plugins for Editor in 0.00 ms.
Initialize engine version: 2021.3.31f1 (3409e2af086f)
[Subsystems] Discovering subsystems at path /Applications/Unity/Hub/Editor/2021.3.31f1/Unity.app/Contents/Resources/UnitySubsystems
[Subsystems] Discovering subsystems at path /Users/GGN10/KP/unity/LaserDefender/Assets
GfxDevice: creating device client; threaded=0; jobified=0
 preferred device: Apple M2 Pro (high power)
Metal devices available: 1
0: Apple M2 Pro (high power)
Using device Apple M2 Pro (high power)
Initializing Metal device caps: Apple M2 Pro
Initialize mono
Mono path[0] = '/Applications/Unity/Hub/Editor/2021.3.31f1/Unity.app/Contents/Managed'
Mono path[1] = '/Applications/Unity/Hub/Editor/2021.3.31f1/Unity.app/Contents/MonoBleedingEdge/lib/mono/unityjit-macos'
Mono config path = '/Applications/Unity/Hub/Editor/2021.3.31f1/Unity.app/Contents/MonoBleedingEdge/etc'
Using monoOptions --debugger-agent=transport=dt_socket,embedding=1,server=y,suspend=n,address=127.0.0.1:56532
Begin MonoManager ReloadAssembly
Registering precompiled unity dll's ...
Register platform support module: /Applications/Unity/Hub/Editor/2021.3.31f1/PlaybackEngines/WebGLSupport/UnityEditor.WebGL.Extensions.dll
Register platform support module: /Applications/Unity/Hub/Editor/2021.3.31f1/Unity.app/Contents/PlaybackEngines/MacStandaloneSupport/UnityEditor.OSXStandalone.Extensions.dll
Registered in 0.001209 seconds.
Native extension for OSXStandalone target not found
Native extension for WebGL target not found
Refreshing native plugins compatible for Editor in 63.00 ms, found 3 plugins.
Preloading 0 native plugins for Editor in 0.00 ms.
Mono: successfully reloaded assembly
- Completed reload, in  0.355 seconds
Domain Reload Profiling:
	ReloadAssembly (355ms)
		BeginReloadAssembly (58ms)
			ExecutionOrderSort (0ms)
			DisableScriptedObjects (0ms)
			BackupInstance (0ms)
			ReleaseScriptingObjects (0ms)
			CreateAndSetChildDomain (0ms)
		EndReloadAssembly (248ms)
			LoadAssemblies (59ms)
			RebuildTransferFunctionScriptingTraits (0ms)
			SetupTypeCache (59ms)
			ReleaseScriptCaches (0ms)
			RebuildScriptCaches (17ms)
			SetupLoadedEditorAssemblies (149ms)
				LogAssemblyErrors (0ms)
				InitializePlatformSupportModulesInManaged (3ms)
				SetLoadedEditorAssemblies (0ms)
				RefreshPlugins (63ms)
				BeforeProcessingInitializeOnLoad (1ms)
				ProcessInitializeOnLoadAttributes (61ms)
				ProcessInitializeOnLoadMethodAttributes (21ms)
				AfterProcessingInitializeOnLoad (0ms)
				EditorAssembliesLoaded (0ms)
			ExecutionOrderSort2 (0ms)
			AwakeInstancesAfterBackupRestoration (0ms)
Platform modules already initialized, skipping
Registering precompiled user dll's ...
Registered in 0.001607 seconds.
Begin MonoManager ReloadAssembly
Native extension for OSXStandalone target not found
Native extension for WebGL target not found
Refreshing native plugins compatible for Editor in 62.63 ms, found 3 plugins.
Preloading 0 native plugins for Editor in 0.00 ms.
Package Manager log level set to [2]
[Package Manager] Server::EnsureServerProcessIsRunning -- launch failed, reason: Unity was launched with the -noUpm command-line argument
[Package Manager] Cannot connect to Unity Package Manager local server
Mono: successfully reloaded assembly
- Completed reload, in  0.995 seconds
Domain Reload Profiling:
	ReloadAssembly (995ms)
		BeginReloadAssembly (58ms)
			ExecutionOrderSort (0ms)
			DisableScriptedObjects (3ms)
			BackupInstance (0ms)
			ReleaseScriptingObjects (0ms)
			CreateAndSetChildDomain (14ms)
		EndReloadAssembly (880ms)
			LoadAssemblies (61ms)
			RebuildTransferFunctionScriptingTraits (0ms)
			SetupTypeCache (136ms)
			ReleaseScriptCaches (0ms)
			RebuildScriptCaches (33ms)
			SetupLoadedEditorAssemblies (628ms)
				LogAssemblyErrors (0ms)
				InitializePlatformSupportModulesInManaged (2ms)
				SetLoadedEditorAssemblies (0ms)
				RefreshPlugins (63ms)
				BeforeProcessingInitializeOnLoad (47ms)
				ProcessInitializeOnLoadAttributes (495ms)
				ProcessInitializeOnLoadMethodAttributes (21ms)
				AfterProcessingInitializeOnLoad (1ms)
				EditorAssembliesLoaded (0ms)
			ExecutionOrderSort2 (0ms)
			AwakeInstancesAfterBackupRestoration (2ms)
Platform modules already initialized, skipping
========================================================================
Worker process is ready to serve import requests
Launching external process: /Applications/Unity/Hub/Editor/2021.3.31f1/Unity.app/Contents/Tools/UnityShaderCompiler
Launched and connected shader compiler UnityShaderCompiler after 0.04 seconds
Refreshing native plugins compatible for Editor in 0.33 ms, found 3 plugins.
Preloading 0 native plugins for Editor in 0.00 ms.
Unloading 4187 Unused Serialized files (Serialized files now loaded: 0)
Unloading 39 unused Assets / (40.2 KB). Loaded Objects now: 4645.
Memory consumption went from 153.2 MB to 153.2 MB.
Total: 2.310417 ms (FindLiveObjects: 0.105792 ms CreateObjectMapping: 0.060208 ms MarkObjects: 2.103459 ms  DeleteObjects: 0.040584 ms)

AssetImportParameters requested are different than current active one (requested -> active):
  custom:video-decoder-ogg-theora: a1e56fd34408186e4bbccfd4996cb3dc -> 
  custom:container-muxer-webm: aa71ff27fc2769a1b78a27578f13a17b -> 
  custom:container-demuxer-webm: 4f35f7cbe854078d1ac9338744f61a02 -> 
  custom:video-encoder-webm-vp8: eb34c28f22e8b96e1ab97ce403110664 -> 
  custom:framework-osx-AVFoundation: e770b220cccbd017edd2c1fefb359320 -> 
  custom:CustomObjectIndexerAttribute: bc11b3a6c3213fcdd17b65e7da85e133 -> 
  custom:audio-encoder-webm-vorbis: bf7c407c2cedff20999df2af8eb42d56 -> 
  custom:SearchIndexIgnoredProperties: e643bd26f0fe6173181afceb89e7c659 -> 
  custom:container-demuxer-ogg: 62fdf1f143b41e24485cea50d1cbac27 -> 
  custom:video-decoder-webm-vp8: 9c59270c3fd7afecdb556c50c9e8de78 -> 
  custom:audio-decoder-ogg-vorbis: bf7c407c2cedff20999df2af8eb42d56 -> 
========================================================================
Received Import Request.
  Time since last request: 269754.415067 seconds.
  path: Assets/Prefabs
  artifactKey: Guid(87c86c4ff2ea542549b46c8332eed8f5) Importer(815301076,1909f56bfc062723c751e8b465ee728b)
Number of updated assets reloaded before import = 0
Start importing Assets/Prefabs using Guid(87c86c4ff2ea542549b46c8332eed8f5) Importer(815301076,1909f56bfc062723c751e8b465ee728b)  -> (artifact id: 'bbfe6e4c4a0430c74469b81a1b83bc1e') in 0.010431 seconds 
Number of asset objects unloaded after import = 0
========================================================================
Received Import Request.
  Time since last request: 5.173761 seconds.
  path: Assets/Prefabs/Player.prefab
  artifactKey: Guid(9e954836d609f49ac999b74aeae83fa6) Importer(815301076,1909f56bfc062723c751e8b465ee728b)
Number of updated assets reloaded before import = 0
Start importing Assets/Prefabs/Player.prefab using Guid(9e954836d609f49ac999b74aeae83fa6) Importer(815301076,1909f56bfc062723c751e8b465ee728b)  -> (artifact id: 'ba5208fe45525bca607d18fcb65e3a27') in 0.094478 seconds 
Number of asset objects unloaded after import = 9
========================================================================
Received Import Request.
  Time since last request: 22.002741 seconds.
  path: Assets/Asset Packs/spaceshooter/Spritesheet/sheet.png
  artifactKey: Guid(db0203f6239f44ec58853ae9855bd4a4) Importer(815301076,1909f56bfc062723c751e8b465ee728b)
Number of updated assets reloaded before import = 0
Start importing Assets/Asset Packs/spaceshooter/Spritesheet/sheet.png using Guid(db0203f6239f44ec58853ae9855bd4a4) Importer(815301076,1909f56bfc062723c751e8b465ee728b)  -> (artifact id: '5ea9b02a8431427d91ceb149411ffa9e') in 0.141748 seconds 
Number of asset objects unloaded after import = 3
========================================================================
Received Import Request.
  Time since last request: 3.807779 seconds.
  path: Assets/Asset Packs/spaceshooter/PNG/Enemies
  artifactKey: Guid(d383ec469c12a482aad6a37ae1748d1f) Importer(815301076,1909f56bfc062723c751e8b465ee728b)
Number of updated assets reloaded before import = 0
Start importing Assets/Asset Packs/spaceshooter/PNG/Enemies using Guid(d383ec469c12a482aad6a37ae1748d1f) Importer(815301076,1909f56bfc062723c751e8b465ee728b)  -> (artifact id: '041ad8f5f427547e805b32f63f361ff4') in 0.001695 seconds 
Number of asset objects unloaded after import = 0
========================================================================
Received Import Request.
  Time since last request: 0.063901 seconds.
  path: Assets/Asset Packs/spaceshooter/PNG/Enemies/enemyBlack1.png
  artifactKey: Guid(db914a10ad5564067be16a5241aa3c1f) Importer(815301076,1909f56bfc062723c751e8b465ee728b)
Number of updated assets reloaded before import = 0
Start importing Assets/Asset Packs/spaceshooter/PNG/Enemies/enemyBlack1.png using Guid(db914a10ad5564067be16a5241aa3c1f) Importer(815301076,1909f56bfc062723c751e8b465ee728b)  -> (artifact id: '1a0d0a49061df1bbbddce7a5d9e0fd66') in 0.009640 seconds 
Number of asset objects unloaded after import = 3
========================================================================
Received Import Request.
  Time since last request: 0.000048 seconds.
  path: Assets/Asset Packs/spaceshooter/PNG/Enemies/enemyBlack5.png
  artifactKey: Guid(e9d0402ed510a4af48ad65002d7ed3f9) Importer(815301076,1909f56bfc062723c751e8b465ee728b)
Number of updated assets reloaded before import = 0
Start importing Assets/Asset Packs/spaceshooter/PNG/Enemies/enemyBlack5.png using Guid(e9d0402ed510a4af48ad65002d7ed3f9) Importer(815301076,1909f56bfc062723c751e8b465ee728b)  -> (artifact id: 'baabf57e87fbdbfb65fdfb7cd139623f') in 0.007266 seconds 
Number of asset objects unloaded after import = 3
========================================================================
Received Import Request.
  Time since last request: 0.000042 seconds.
  path: Assets/Asset Packs/spaceshooter/PNG/Enemies/enemyRed4.png
  artifactKey: Guid(dd2f73340a5f64af2b8fc2cb3b529da6) Importer(815301076,1909f56bfc062723c751e8b465ee728b)
Number of updated assets reloaded before import = 0
Start importing Assets/Asset Packs/spaceshooter/PNG/Enemies/enemyRed4.png using Guid(dd2f73340a5f64af2b8fc2cb3b529da6) Importer(815301076,1909f56bfc062723c751e8b465ee728b)  -> (artifact id: '4e6c78e5b7e30aae0008c6d7bd39161a') in 0.006886 seconds 
Number of asset objects unloaded after import = 3
========================================================================
Received Import Request.
  Time since last request: 0.000033 seconds.
  path: Assets/Asset Packs/spaceshooter/PNG/Enemies/enemyGreen2.png
  artifactKey: Guid(14ed5d8dbbe78403c98f91722789afb2) Importer(815301076,1909f56bfc062723c751e8b465ee728b)
Number of updated assets reloaded before import = 0
Start importing Assets/Asset Packs/spaceshooter/PNG/Enemies/enemyGreen2.png using Guid(14ed5d8dbbe78403c98f91722789afb2) Importer(815301076,1909f56bfc062723c751e8b465ee728b)  -> (artifact id: '1b0f47cb7573ac9ac2417a0c4ad7e90a') in 0.007280 seconds 
Number of asset objects unloaded after import = 3
========================================================================
Received Import Request.
  Time since last request: 0.000038 seconds.
  path: Assets/Asset Packs/spaceshooter/PNG/Enemies/enemyRed3.png
  artifactKey: Guid(e12141d15398d42bc99b5169c0ea345b) Importer(815301076,1909f56bfc062723c751e8b465ee728b)
Number of updated assets reloaded before import = 0
Start importing Assets/Asset Packs/spaceshooter/PNG/Enemies/enemyRed3.png using Guid(e12141d15398d42bc99b5169c0ea345b) Importer(815301076,1909f56bfc062723c751e8b465ee728b)  -> (artifact id: '6f9a176e3bb422336958f86405f900a9') in 0.006580 seconds 
Number of asset objects unloaded after import = 3
========================================================================
Received Import Request.
  Time since last request: 0.000032 seconds.
  path: Assets/Asset Packs/spaceshooter/PNG/Enemies/enemyRed2.png
  artifactKey: Guid(b439cb7622312471d983a5c693acdef3) Importer(815301076,1909f56bfc062723c751e8b465ee728b)
Number of updated assets reloaded before import = 0
Start importing Assets/Asset Packs/spaceshooter/PNG/Enemies/enemyRed2.png using Guid(b439cb7622312471d983a5c693acdef3) Importer(815301076,1909f56bfc062723c751e8b465ee728b)  -> (artifact id: 'b8d0c318df5731c5cae1fc7233457e96') in 0.006384 seconds 
Number of asset objects unloaded after import = 3
========================================================================
Received Import Request.
  Time since last request: 0.000047 seconds.
  path: Assets/Asset Packs/spaceshooter/PNG/Enemies/enemyBlue3.png
  artifactKey: Guid(7fcca0c28931141dc9cdda1f85470100) Importer(815301076,1909f56bfc062723c751e8b465ee728b)
Number of updated assets reloaded before import = 0
Start importing Assets/Asset Packs/spaceshooter/PNG/Enemies/enemyBlue3.png using Guid(7fcca0c28931141dc9cdda1f85470100) Importer(815301076,1909f56bfc062723c751e8b465ee728b)  -> (artifact id: '597826b1742320d4d21e08cd6bc3aa7b') in 0.005853 seconds 
Number of asset objects unloaded after import = 3
========================================================================
Received Import Request.
  Time since last request: 0.000034 seconds.
  path: Assets/Asset Packs/spaceshooter/PNG/Enemies/enemyGreen1.png
  artifactKey: Guid(cf3bdb246737544fa94a29eb2451ce7b) Importer(815301076,1909f56bfc062723c751e8b465ee728b)
Number of updated assets reloaded before import = 0
Start importing Assets/Asset Packs/spaceshooter/PNG/Enemies/enemyGreen1.png using Guid(cf3bdb246737544fa94a29eb2451ce7b) Importer(815301076,1909f56bfc062723c751e8b465ee728b)  -> (artifact id: 'bb1d491413d13d5d279bf986817a6320') in 0.005457 seconds 
Number of asset objects unloaded after import = 3
========================================================================
Received Import Request.
  Time since last request: 0.000035 seconds.
  path: Assets/Asset Packs/spaceshooter/PNG/Enemies/enemyRed1.png
  artifactKey: Guid(54b0101a6a79a42fc800f7897d83f277) Importer(815301076,1909f56bfc062723c751e8b465ee728b)
Number of updated assets reloaded before import = 0
Start importing Assets/Asset Packs/spaceshooter/PNG/Enemies/enemyRed1.png using Guid(54b0101a6a79a42fc800f7897d83f277) Importer(815301076,1909f56bfc062723c751e8b465ee728b)  -> (artifact id: 'f39088fd1f8af77a9eb51ab3d0bb9b20') in 0.005163 seconds 
Number of asset objects unloaded after import = 3
========================================================================
Received Import Request.
  Time since last request: 0.000032 seconds.
  path: Assets/Asset Packs/spaceshooter/PNG/Enemies/enemyBlue5.png
  artifactKey: Guid(22b9479371a1e4285b0fab984e2608b4) Importer(815301076,1909f56bfc062723c751e8b465ee728b)
Number of updated assets reloaded before import = 0
Start importing Assets/Asset Packs/spaceshooter/PNG/Enemies/enemyBlue5.png using Guid(22b9479371a1e4285b0fab984e2608b4) Importer(815301076,1909f56bfc062723c751e8b465ee728b)  -> (artifact id: '7c3b27bb33d4050c8ed04eae269e57c9') in 0.005472 seconds 
Number of asset objects unloaded after import = 3
========================================================================
Received Import Request.
  Time since last request: 18.290274 seconds.
  path: Assets/Prefabs/Enemy 0.prefab
  artifactKey: Guid(1c24de06f5ef944268cd3b898c32eb94) Importer(815301076,1909f56bfc062723c751e8b465ee728b)
Number of updated assets reloaded before import = 0
Start importing Assets/Prefabs/Enemy 0.prefab using Guid(1c24de06f5ef944268cd3b898c32eb94) Importer(815301076,1909f56bfc062723c751e8b465ee728b)  -> (artifact id: 'afd8f2ed1f79b6c79b6c5197be1d1ee1') in 0.005368 seconds 
Number of asset objects unloaded after import = 9
========================================================================
Received Import Request.
  Time since last request: 86.545846 seconds.
  path: Assets/Asset Packs/spaceshooter/Backgrounds/black.png
  artifactKey: Guid(7b29cd8f870b84358a8efeb922ccd14c) Importer(815301076,1909f56bfc062723c751e8b465ee728b)
Number of updated assets reloaded before import = 0
Start importing Assets/Asset Packs/spaceshooter/Backgrounds/black.png using Guid(7b29cd8f870b84358a8efeb922ccd14c) Importer(815301076,1909f56bfc062723c751e8b465ee728b)  -> (artifact id: '11783b04ed1584c111ae500dac5868d4') in 0.015489 seconds 
Number of asset objects unloaded after import = 3
========================================================================
Received Import Request.
  Time since last request: 0.000056 seconds.
  path: Assets/Asset Packs/spaceshooter/Backgrounds/purple.png
  artifactKey: Guid(953fe476a1bfa4a43b99b080f2cbc7ce) Importer(815301076,1909f56bfc062723c751e8b465ee728b)
Number of updated assets reloaded before import = 0
Start importing Assets/Asset Packs/spaceshooter/Backgrounds/purple.png using Guid(953fe476a1bfa4a43b99b080f2cbc7ce) Importer(815301076,1909f56bfc062723c751e8b465ee728b)  -> (artifact id: '23ff4c8f5fb785504d46793580466714') in 0.010639 seconds 
Number of asset objects unloaded after import = 3
========================================================================
Received Import Request.
  Time since last request: 0.000066 seconds.
  path: Assets/Asset Packs/spaceshooter/Backgrounds/darkPurple.png
  artifactKey: Guid(262b2a6eae13b4cc4b252653395719c6) Importer(815301076,1909f56bfc062723c751e8b465ee728b)
Number of updated assets reloaded before import = 0
Start importing Assets/Asset Packs/spaceshooter/Backgrounds/darkPurple.png using Guid(262b2a6eae13b4cc4b252653395719c6) Importer(815301076,1909f56bfc062723c751e8b465ee728b)  -> (artifact id: 'a360a87ab4be94e7adea507507e60dca') in 0.008791 seconds 
Number of asset objects unloaded after import = 3
========================================================================
Received Import Request.
  Time since last request: 34.802598 seconds.
  path: Assets/Asset Packs/starfield.png
  artifactKey: Guid(73c9ce3fa16734537889637100356b35) Importer(815301076,1909f56bfc062723c751e8b465ee728b)
Number of updated assets reloaded before import = 0
Start importing Assets/Asset Packs/starfield.png using Guid(73c9ce3fa16734537889637100356b35) Importer(815301076,1909f56bfc062723c751e8b465ee728b)  -> (artifact id: 'a3dcb92827f13384a5e936dd6f184888') in 0.171581 seconds 
Number of asset objects unloaded after import = 3
